Analysis & Synthesis report for RegaAutomatica
Wed Jul 24 14:45:55 2024
Quartus Prime Version 20.1.1 Build 720 11/11/2020 SJ Lite Edition


---------------------
; Table of Contents ;
---------------------
  1. Legal Notice
  2. Analysis & Synthesis Summary
  3. Analysis & Synthesis Settings
  4. Parallel Compilation
  5. Analysis & Synthesis Source Files Read
  6. Analysis & Synthesis Resource Usage Summary
  7. Analysis & Synthesis Resource Utilization by Entity
  8. General Register Statistics
  9. Parameter Settings for User Entity Instance: FILL:controle_encher
 10. Parameter Settings for User Entity Instance: FERTILIZING:fertilizing
 11. Port Connectivity Checks: "DivisorClock:div_clk|fft:div_26"
 12. Port Connectivity Checks: "DivisorClock:div_clk|fft:div_25"
 13. Port Connectivity Checks: "DivisorClock:div_clk|fft:div_24"
 14. Port Connectivity Checks: "DivisorClock:div_clk|fft:div_8388608"
 15. Port Connectivity Checks: "DivisorClock:div_clk|fft:div_4194304"
 16. Port Connectivity Checks: "DivisorClock:div_clk|fft:div_2097152"
 17. Port Connectivity Checks: "DivisorClock:div_clk|fft:div_1048576"
 18. Port Connectivity Checks: "DivisorClock:div_clk|fft:div_524288"
 19. Port Connectivity Checks: "DivisorClock:div_clk|fft:div_262144"
 20. Port Connectivity Checks: "DivisorClock:div_clk|fft:div_131072"
 21. Port Connectivity Checks: "DivisorClock:div_clk|fft:div_65536"
 22. Port Connectivity Checks: "DivisorClock:div_clk|fft:div_32768"
 23. Port Connectivity Checks: "DivisorClock:div_clk|fft:div_16384"
 24. Port Connectivity Checks: "DivisorClock:div_clk|fft:div_8192"
 25. Port Connectivity Checks: "DivisorClock:div_clk|fft:div_4096"
 26. Port Connectivity Checks: "DivisorClock:div_clk|fft:div_2048"
 27. Port Connectivity Checks: "DivisorClock:div_clk|fft:div_1024"
 28. Port Connectivity Checks: "DivisorClock:div_clk|fft:div_512"
 29. Port Connectivity Checks: "DivisorClock:div_clk|fft:div_256"
 30. Port Connectivity Checks: "DivisorClock:div_clk|fft:div_128"
 31. Port Connectivity Checks: "DivisorClock:div_clk|fft:div_64"
 32. Port Connectivity Checks: "DivisorClock:div_clk|fft:div_32"
 33. Port Connectivity Checks: "DivisorClock:div_clk|fft:div_16"
 34. Port Connectivity Checks: "DivisorClock:div_clk|fft:div_8"
 35. Port Connectivity Checks: "DivisorClock:div_clk|fft:div_4"
 36. Port Connectivity Checks: "DivisorClock:div_clk|fft:div_2"
 37. Analysis & Synthesis Messages



----------------
; Legal Notice ;
----------------
Copyright (C) 2020  Intel Corporation. All rights reserved.
Your use of Intel Corporation's design tools, logic functions 
and other software and tools, and any partner logic 
functions, and any output files from any of the foregoing 
(including device programming or simulation files), and any 
associated documentation or information are expressly subject 
to the terms and conditions of the Intel Program License 
Subscription Agreement, the Intel Quartus Prime License Agreement,
the Intel FPGA IP License Agreement, or other applicable license
agreement, including, without limitation, that your use is for
the sole purpose of programming logic devices manufactured by
Intel and sold by Intel or its authorized distributors.  Please
refer to the applicable agreement for further details, at
https://fpgasoftware.intel.com/eula.



+---------------------------------------------------------------------------+
; Analysis & Synthesis Summary                                              ;
+-----------------------------+---------------------------------------------+
; Analysis & Synthesis Status ; Successful - Wed Jul 24 14:45:55 2024       ;
; Quartus Prime Version       ; 20.1.1 Build 720 11/11/2020 SJ Lite Edition ;
; Revision Name               ; RegaAutomatica                              ;
; Top-level Entity Name       ; RegaAutomatica                              ;
; Family                      ; MAX II                                      ;
; Total logic elements        ; 63                                          ;
; Total pins                  ; 34                                          ;
; Total virtual pins          ; 0                                           ;
; UFM blocks                  ; 0 / 1 ( 0 % )                               ;
+-----------------------------+---------------------------------------------+


+------------------------------------------------------------------------------------------------------------+
; Analysis & Synthesis Settings                                                                              ;
+------------------------------------------------------------------+--------------------+--------------------+
; Option                                                           ; Setting            ; Default Value      ;
+------------------------------------------------------------------+--------------------+--------------------+
; Device                                                           ; EPM240T100C5       ;                    ;
; Top-level entity name                                            ; RegaAutomatica     ; RegaAutomatica     ;
; Family name                                                      ; MAX II             ; Cyclone V          ;
; Use smart compilation                                            ; Off                ; Off                ;
; Enable parallel Assembler and Timing Analyzer during compilation ; On                 ; On                 ;
; Enable compact report table                                      ; Off                ; Off                ;
; Restructure Multiplexers                                         ; Auto               ; Auto               ;
; Create Debugging Nodes for IP Cores                              ; Off                ; Off                ;
; Preserve fewer node names                                        ; On                 ; On                 ;
; Intel FPGA IP Evaluation Mode                                    ; Enable             ; Enable             ;
; Verilog Version                                                  ; Verilog_2001       ; Verilog_2001       ;
; VHDL Version                                                     ; VHDL_1993          ; VHDL_1993          ;
; State Machine Processing                                         ; Auto               ; Auto               ;
; Safe State Machine                                               ; Off                ; Off                ;
; Extract Verilog State Machines                                   ; On                 ; On                 ;
; Extract VHDL State Machines                                      ; On                 ; On                 ;
; Ignore Verilog initial constructs                                ; Off                ; Off                ;
; Iteration limit for constant Verilog loops                       ; 5000               ; 5000               ;
; Iteration limit for non-constant Verilog loops                   ; 250                ; 250                ;
; Add Pass-Through Logic to Inferred RAMs                          ; On                 ; On                 ;
; Infer RAMs from Raw Logic                                        ; On                 ; On                 ;
; Parallel Synthesis                                               ; On                 ; On                 ;
; NOT Gate Push-Back                                               ; On                 ; On                 ;
; Power-Up Don't Care                                              ; On                 ; On                 ;
; Remove Redundant Logic Cells                                     ; Off                ; Off                ;
; Remove Duplicate Registers                                       ; On                 ; On                 ;
; Ignore CARRY Buffers                                             ; Off                ; Off                ;
; Ignore CASCADE Buffers                                           ; Off                ; Off                ;
; Ignore GLOBAL Buffers                                            ; Off                ; Off                ;
; Ignore ROW GLOBAL Buffers                                        ; Off                ; Off                ;
; Ignore LCELL Buffers                                             ; Off                ; Off                ;
; Ignore SOFT Buffers                                              ; On                 ; On                 ;
; Limit AHDL Integers to 32 Bits                                   ; Off                ; Off                ;
; Optimization Technique                                           ; Balanced           ; Balanced           ;
; Carry Chain Length                                               ; 70                 ; 70                 ;
; Auto Carry Chains                                                ; On                 ; On                 ;
; Auto Open-Drain Pins                                             ; On                 ; On                 ;
; Perform WYSIWYG Primitive Resynthesis                            ; Off                ; Off                ;
; Auto Shift Register Replacement                                  ; Auto               ; Auto               ;
; Allow Shift Register Merging across Hierarchies                  ; Auto               ; Auto               ;
; Auto Clock Enable Replacement                                    ; On                 ; On                 ;
; Allow Synchronous Control Signals                                ; On                 ; On                 ;
; Force Use of Synchronous Clear Signals                           ; Off                ; Off                ;
; Auto Resource Sharing                                            ; Off                ; Off                ;
; Use LogicLock Constraints during Resource Balancing              ; On                 ; On                 ;
; Ignore translate_off and synthesis_off directives                ; Off                ; Off                ;
; Report Parameter Settings                                        ; On                 ; On                 ;
; Report Source Assignments                                        ; On                 ; On                 ;
; Report Connectivity Checks                                       ; On                 ; On                 ;
; Ignore Maximum Fan-Out Assignments                               ; Off                ; Off                ;
; Synchronization Register Chain Length                            ; 2                  ; 2                  ;
; Power Optimization During Synthesis                              ; Normal compilation ; Normal compilation ;
; HDL message level                                                ; Level2             ; Level2             ;
; Suppress Register Optimization Related Messages                  ; Off                ; Off                ;
; Number of Removed Registers Reported in Synthesis Report         ; 5000               ; 5000               ;
; Number of Swept Nodes Reported in Synthesis Report               ; 5000               ; 5000               ;
; Number of Inverted Registers Reported in Synthesis Report        ; 100                ; 100                ;
; Clock MUX Protection                                             ; On                 ; On                 ;
; Block Design Naming                                              ; Auto               ; Auto               ;
; Synthesis Effort                                                 ; Auto               ; Auto               ;
; Shift Register Replacement - Allow Asynchronous Clear Signal     ; On                 ; On                 ;
; Analysis & Synthesis Message Level                               ; Medium             ; Medium             ;
; Disable Register Merging Across Hierarchies                      ; Auto               ; Auto               ;
+------------------------------------------------------------------+--------------------+--------------------+


+------------------------------------------+
; Parallel Compilation                     ;
+----------------------------+-------------+
; Processors                 ; Number      ;
+----------------------------+-------------+
; Number detected on machine ; 6           ;
; Maximum allowed            ; 6           ;
;                            ;             ;
; Average used               ; 1.00        ;
; Maximum used               ; 1           ;
;                            ;             ;
; Usage by Processor         ; % Time Used ;
;     Processor 1            ; 100.0%      ;
+----------------------------+-------------+


+------------------------------------------------------------------------------------------------------------------------------------------------------------------+
; Analysis & Synthesis Source Files Read                                                                                                                           ;
+----------------------------------+-----------------+------------------------+--------------------------------------------------------------------------+---------+
; File Name with User-Entered Path ; Used in Netlist ; File Type              ; File Name with Absolute Path                                             ; Library ;
+----------------------------------+-----------------+------------------------+--------------------------------------------------------------------------+---------+
; FILL.v                           ; yes             ; User Verilog HDL File  ; /media/aluno/E011-A01C/Rega Automatica_ tudo pronto/FILL.v               ;         ;
; RegaAutomatica.v                 ; yes             ; User Verilog HDL File  ; /media/aluno/E011-A01C/Rega Automatica_ tudo pronto/RegaAutomatica.v     ;         ;
; FERTILIZING.v                    ; yes             ; User Verilog HDL File  ; /media/aluno/E011-A01C/Rega Automatica_ tudo pronto/FERTILIZING.v        ;         ;
; DivisorClock.v                   ; yes             ; User Verilog HDL File  ; /media/aluno/E011-A01C/Rega Automatica_ tudo pronto/DivisorClock.v       ;         ;
; fft.v                            ; yes             ; User Verilog HDL File  ; /media/aluno/E011-A01C/Rega Automatica_ tudo pronto/fft.v                ;         ;
; ControleFrequencia.v             ; yes             ; User Verilog HDL File  ; /media/aluno/E011-A01C/Rega Automatica_ tudo pronto/ControleFrequencia.v ;         ;
; ControleRega.v                   ; yes             ; User Verilog HDL File  ; /media/aluno/E011-A01C/Rega Automatica_ tudo pronto/ControleRega.v       ;         ;
; ControleAdubacao.v               ; yes             ; User Verilog HDL File  ; /media/aluno/E011-A01C/Rega Automatica_ tudo pronto/ControleAdubacao.v   ;         ;
; ControladorMatriz.v              ; yes             ; User Verilog HDL File  ; /media/aluno/E011-A01C/Rega Automatica_ tudo pronto/ControladorMatriz.v  ;         ;
; ControladorDisplay.v             ; yes             ; User Verilog HDL File  ; /media/aluno/E011-A01C/Rega Automatica_ tudo pronto/ControladorDisplay.v ;         ;
; ContadorNivelAgua.v              ; yes             ; User Verilog HDL File  ; /media/aluno/E011-A01C/Rega Automatica_ tudo pronto/ContadorNivelAgua.v  ;         ;
+----------------------------------+-----------------+------------------------+--------------------------------------------------------------------------+---------+


+-----------------------------------------------------------------------------------------+
; Analysis & Synthesis Resource Usage Summary                                             ;
+---------------------------------------------+-------------------------------------------+
; Resource                                    ; Usage                                     ;
+---------------------------------------------+-------------------------------------------+
; Total logic elements                        ; 63                                        ;
;     -- Combinational with no register       ; 32                                        ;
;     -- Register only                        ; 0                                         ;
;     -- Combinational with a register        ; 31                                        ;
;                                             ;                                           ;
; Logic element usage by number of LUT inputs ;                                           ;
;     -- 4 input functions                    ; 16                                        ;
;     -- 3 input functions                    ; 13                                        ;
;     -- 2 input functions                    ; 8                                         ;
;     -- 1 input functions                    ; 26                                        ;
;     -- 0 input functions                    ; 0                                         ;
;                                             ;                                           ;
; Logic elements by mode                      ;                                           ;
;     -- normal mode                          ; 63                                        ;
;     -- arithmetic mode                      ; 0                                         ;
;     -- qfbk mode                            ; 0                                         ;
;     -- register cascade mode                ; 0                                         ;
;     -- synchronous clear/load mode          ; 0                                         ;
;     -- asynchronous clear/load mode         ; 5                                         ;
;                                             ;                                           ;
; Total registers                             ; 31                                        ;
; I/O pins                                    ; 34                                        ;
; Maximum fan-out node                        ; ContadorNivelAgua:contador_nivel|nivel[2] ;
; Maximum fan-out                             ; 14                                        ;
; Total fan-out                               ; 200                                       ;
; Average fan-out                             ; 2.06                                      ;
+---------------------------------------------+-------------------------------------------+


+-------------------------------------------------------------------------------------------------------------------------------------------------------------------------------------------------------------------------------------------------------------------------------------------+
; Analysis & Synthesis Resource Utilization by Entity                                                                                                                                                                                                                                       ;
+-------------------------------------------+-------------+--------------+------------+------+--------------+--------------+-------------------+------------------+-----------------+------------+------------------------------------------------------+--------------------+--------------+
; Compilation Hierarchy Node                ; Logic Cells ; LC Registers ; UFM Blocks ; Pins ; Virtual Pins ; LUT-Only LCs ; Register-Only LCs ; LUT/Register LCs ; Carry Chain LCs ; Packed LCs ; Full Hierarchy Name                                  ; Entity Name        ; Library Name ;
+-------------------------------------------+-------------+--------------+------------+------+--------------+--------------+-------------------+------------------+-----------------+------------+------------------------------------------------------+--------------------+--------------+
; |RegaAutomatica                           ; 63 (2)      ; 31           ; 0          ; 34   ; 0            ; 32 (2)       ; 0 (0)             ; 31 (0)           ; 0 (0)           ; 0 (0)      ; |RegaAutomatica                                      ; RegaAutomatica     ; work         ;
;    |ContadorNivelAgua:contador_nivel|     ; 3 (3)       ; 3            ; 0          ; 0    ; 0            ; 0 (0)        ; 0 (0)             ; 3 (3)            ; 0 (0)           ; 0 (0)      ; |RegaAutomatica|ContadorNivelAgua:contador_nivel     ; ContadorNivelAgua  ; work         ;
;    |ControladorDisplay:display_control|   ; 5 (5)       ; 0            ; 0          ; 0    ; 0            ; 5 (5)        ; 0 (0)             ; 0 (0)            ; 0 (0)           ; 0 (0)      ; |RegaAutomatica|ControladorDisplay:display_control   ; ControladorDisplay ; work         ;
;    |ControladorMatriz:matriz_controlador| ; 3 (3)       ; 0            ; 0          ; 0    ; 0            ; 3 (3)        ; 0 (0)             ; 0 (0)            ; 0 (0)           ; 0 (0)      ; |RegaAutomatica|ControladorMatriz:matriz_controlador ; ControladorMatriz  ; work         ;
;    |ControleAdubacao:controle_adub|       ; 6 (6)       ; 0            ; 0          ; 0    ; 0            ; 6 (6)        ; 0 (0)             ; 0 (0)            ; 0 (0)           ; 0 (0)      ; |RegaAutomatica|ControleAdubacao:controle_adub       ; ControleAdubacao   ; work         ;
;    |ControleFrequencia:controle_freq|     ; 7 (7)       ; 0            ; 0          ; 0    ; 0            ; 7 (7)        ; 0 (0)             ; 0 (0)            ; 0 (0)           ; 0 (0)      ; |RegaAutomatica|ControleFrequencia:controle_freq     ; ControleFrequencia ; work         ;
;    |ControleRega:controle_rega|           ; 7 (7)       ; 0            ; 0          ; 0    ; 0            ; 7 (7)        ; 0 (0)             ; 0 (0)            ; 0 (0)           ; 0 (0)      ; |RegaAutomatica|ControleRega:controle_rega           ; ControleRega       ; work         ;
;    |DivisorClock:div_clk|                 ; 26 (0)      ; 26           ; 0          ; 0    ; 0            ; 0 (0)        ; 0 (0)             ; 26 (0)           ; 0 (0)           ; 0 (0)      ; |RegaAutomatica|DivisorClock:div_clk                 ; DivisorClock       ; work         ;
;       |fft:div_1024|                      ; 1 (1)       ; 1            ; 0          ; 0    ; 0            ; 0 (0)        ; 0 (0)             ; 1 (1)            ; 0 (0)           ; 0 (0)      ; |RegaAutomatica|DivisorClock:div_clk|fft:div_1024    ; fft                ; work         ;
;       |fft:div_1048576|                   ; 1 (1)       ; 1            ; 0          ; 0    ; 0            ; 0 (0)        ; 0 (0)             ; 1 (1)            ; 0 (0)           ; 0 (0)      ; |RegaAutomatica|DivisorClock:div_clk|fft:div_1048576 ; fft                ; work         ;
;       |fft:div_128|                       ; 1 (1)       ; 1            ; 0          ; 0    ; 0            ; 0 (0)        ; 0 (0)             ; 1 (1)            ; 0 (0)           ; 0 (0)      ; |RegaAutomatica|DivisorClock:div_clk|fft:div_128     ; fft                ; work         ;
;       |fft:div_131072|                    ; 1 (1)       ; 1            ; 0          ; 0    ; 0            ; 0 (0)        ; 0 (0)             ; 1 (1)            ; 0 (0)           ; 0 (0)      ; |RegaAutomatica|DivisorClock:div_clk|fft:div_131072  ; fft                ; work         ;
;       |fft:div_16384|                     ; 1 (1)       ; 1            ; 0          ; 0    ; 0            ; 0 (0)        ; 0 (0)             ; 1 (1)            ; 0 (0)           ; 0 (0)      ; |RegaAutomatica|DivisorClock:div_clk|fft:div_16384   ; fft                ; work         ;
;       |fft:div_16|                        ; 1 (1)       ; 1            ; 0          ; 0    ; 0            ; 0 (0)        ; 0 (0)             ; 1 (1)            ; 0 (0)           ; 0 (0)      ; |RegaAutomatica|DivisorClock:div_clk|fft:div_16      ; fft                ; work         ;
;       |fft:div_2048|                      ; 1 (1)       ; 1            ; 0          ; 0    ; 0            ; 0 (0)        ; 0 (0)             ; 1 (1)            ; 0 (0)           ; 0 (0)      ; |RegaAutomatica|DivisorClock:div_clk|fft:div_2048    ; fft                ; work         ;
;       |fft:div_2097152|                   ; 1 (1)       ; 1            ; 0          ; 0    ; 0            ; 0 (0)        ; 0 (0)             ; 1 (1)            ; 0 (0)           ; 0 (0)      ; |RegaAutomatica|DivisorClock:div_clk|fft:div_2097152 ; fft                ; work         ;
;       |fft:div_24|                        ; 1 (1)       ; 1            ; 0          ; 0    ; 0            ; 0 (0)        ; 0 (0)             ; 1 (1)            ; 0 (0)           ; 0 (0)      ; |RegaAutomatica|DivisorClock:div_clk|fft:div_24      ; fft                ; work         ;
;       |fft:div_256|                       ; 1 (1)       ; 1            ; 0          ; 0    ; 0            ; 0 (0)        ; 0 (0)             ; 1 (1)            ; 0 (0)           ; 0 (0)      ; |RegaAutomatica|DivisorClock:div_clk|fft:div_256     ; fft                ; work         ;
;       |fft:div_25|                        ; 1 (1)       ; 1            ; 0          ; 0    ; 0            ; 0 (0)        ; 0 (0)             ; 1 (1)            ; 0 (0)           ; 0 (0)      ; |RegaAutomatica|DivisorClock:div_clk|fft:div_25      ; fft                ; work         ;
;       |fft:div_262144|                    ; 1 (1)       ; 1            ; 0          ; 0    ; 0            ; 0 (0)        ; 0 (0)             ; 1 (1)            ; 0 (0)           ; 0 (0)      ; |RegaAutomatica|DivisorClock:div_clk|fft:div_262144  ; fft                ; work         ;
;       |fft:div_26|                        ; 1 (1)       ; 1            ; 0          ; 0    ; 0            ; 0 (0)        ; 0 (0)             ; 1 (1)            ; 0 (0)           ; 0 (0)      ; |RegaAutomatica|DivisorClock:div_clk|fft:div_26      ; fft                ; work         ;
;       |fft:div_2|                         ; 1 (1)       ; 1            ; 0          ; 0    ; 0            ; 0 (0)        ; 0 (0)             ; 1 (1)            ; 0 (0)           ; 0 (0)      ; |RegaAutomatica|DivisorClock:div_clk|fft:div_2       ; fft                ; work         ;
;       |fft:div_32768|                     ; 1 (1)       ; 1            ; 0          ; 0    ; 0            ; 0 (0)        ; 0 (0)             ; 1 (1)            ; 0 (0)           ; 0 (0)      ; |RegaAutomatica|DivisorClock:div_clk|fft:div_32768   ; fft                ; work         ;
;       |fft:div_32|                        ; 1 (1)       ; 1            ; 0          ; 0    ; 0            ; 0 (0)        ; 0 (0)             ; 1 (1)            ; 0 (0)           ; 0 (0)      ; |RegaAutomatica|DivisorClock:div_clk|fft:div_32      ; fft                ; work         ;
;       |fft:div_4096|                      ; 1 (1)       ; 1            ; 0          ; 0    ; 0            ; 0 (0)        ; 0 (0)             ; 1 (1)            ; 0 (0)           ; 0 (0)      ; |RegaAutomatica|DivisorClock:div_clk|fft:div_4096    ; fft                ; work         ;
;       |fft:div_4194304|                   ; 1 (1)       ; 1            ; 0          ; 0    ; 0            ; 0 (0)        ; 0 (0)             ; 1 (1)            ; 0 (0)           ; 0 (0)      ; |RegaAutomatica|DivisorClock:div_clk|fft:div_4194304 ; fft                ; work         ;
;       |fft:div_4|                         ; 1 (1)       ; 1            ; 0          ; 0    ; 0            ; 0 (0)        ; 0 (0)             ; 1 (1)            ; 0 (0)           ; 0 (0)      ; |RegaAutomatica|DivisorClock:div_clk|fft:div_4       ; fft                ; work         ;
;       |fft:div_512|                       ; 1 (1)       ; 1            ; 0          ; 0    ; 0            ; 0 (0)        ; 0 (0)             ; 1 (1)            ; 0 (0)           ; 0 (0)      ; |RegaAutomatica|DivisorClock:div_clk|fft:div_512     ; fft                ; work         ;
;       |fft:div_524288|                    ; 1 (1)       ; 1            ; 0          ; 0    ; 0            ; 0 (0)        ; 0 (0)             ; 1 (1)            ; 0 (0)           ; 0 (0)      ; |RegaAutomatica|DivisorClock:div_clk|fft:div_524288  ; fft                ; work         ;
;       |fft:div_64|                        ; 1 (1)       ; 1            ; 0          ; 0    ; 0            ; 0 (0)        ; 0 (0)             ; 1 (1)            ; 0 (0)           ; 0 (0)      ; |RegaAutomatica|DivisorClock:div_clk|fft:div_64      ; fft                ; work         ;
;       |fft:div_65536|                     ; 1 (1)       ; 1            ; 0          ; 0    ; 0            ; 0 (0)        ; 0 (0)             ; 1 (1)            ; 0 (0)           ; 0 (0)      ; |RegaAutomatica|DivisorClock:div_clk|fft:div_65536   ; fft                ; work         ;
;       |fft:div_8192|                      ; 1 (1)       ; 1            ; 0          ; 0    ; 0            ; 0 (0)        ; 0 (0)             ; 1 (1)            ; 0 (0)           ; 0 (0)      ; |RegaAutomatica|DivisorClock:div_clk|fft:div_8192    ; fft                ; work         ;
;       |fft:div_8388608|                   ; 1 (1)       ; 1            ; 0          ; 0    ; 0            ; 0 (0)        ; 0 (0)             ; 1 (1)            ; 0 (0)           ; 0 (0)      ; |RegaAutomatica|DivisorClock:div_clk|fft:div_8388608 ; fft                ; work         ;
;       |fft:div_8|                         ; 1 (1)       ; 1            ; 0          ; 0    ; 0            ; 0 (0)        ; 0 (0)             ; 1 (1)            ; 0 (0)           ; 0 (0)      ; |RegaAutomatica|DivisorClock:div_clk|fft:div_8       ; fft                ; work         ;
;    |FERTILIZING:fertilizing|              ; 2 (2)       ; 1            ; 0          ; 0    ; 0            ; 1 (1)        ; 0 (0)             ; 1 (1)            ; 0 (0)           ; 0 (0)      ; |RegaAutomatica|FERTILIZING:fertilizing              ; FERTILIZING        ; work         ;
;    |FILL:controle_encher|                 ; 2 (2)       ; 1            ; 0          ; 0    ; 0            ; 1 (1)        ; 0 (0)             ; 1 (1)            ; 0 (0)           ; 0 (0)      ; |RegaAutomatica|FILL:controle_encher                 ; FILL               ; work         ;
+-------------------------------------------+-------------+--------------+------------+------+--------------+--------------+-------------------+------------------+-----------------+------------+------------------------------------------------------+--------------------+--------------+
Note: For table entries with two numbers listed, the numbers in parentheses indicate the number of resources of the given type used by the specific entity alone. The numbers listed outside of parentheses indicate the total resources of the given type used by the specific entity and all of its sub-entities in the hierarchy.


+------------------------------------------------------+
; General Register Statistics                          ;
+----------------------------------------------+-------+
; Statistic                                    ; Value ;
+----------------------------------------------+-------+
; Total registers                              ; 31    ;
; Number of registers using Synchronous Clear  ; 0     ;
; Number of registers using Synchronous Load   ; 0     ;
; Number of registers using Asynchronous Clear ; 5     ;
; Number of registers using Asynchronous Load  ; 0     ;
; Number of registers using Clock Enable       ; 0     ;
; Number of registers using Preset             ; 0     ;
+----------------------------------------------+-------+


+-------------------------------------------------------------------+
; Parameter Settings for User Entity Instance: FILL:controle_encher ;
+----------------+-------+------------------------------------------+
; Parameter Name ; Value ; Type                                     ;
+----------------+-------+------------------------------------------+
; IDLE           ; 0     ; Unsigned Binary                          ;
; FILLING        ; 1     ; Unsigned Binary                          ;
+----------------+-------+------------------------------------------+
Note: In order to hide this table in the UI and the text report file, please set the "Show Parameter Settings in Synthesis Report" option in "Analysis and Synthesis Settings -> More Settings" to "Off".


+----------------------------------------------------------------------+
; Parameter Settings for User Entity Instance: FERTILIZING:fertilizing ;
+----------------+-------+---------------------------------------------+
; Parameter Name ; Value ; Type                                        ;
+----------------+-------+---------------------------------------------+
; IDLE           ; 0     ; Unsigned Binary                             ;
; FERTILIZING    ; 1     ; Unsigned Binary                             ;
+----------------+-------+---------------------------------------------+
Note: In order to hide this table in the UI and the text report file, please set the "Show Parameter Settings in Synthesis Report" option in "Analysis and Synthesis Settings -> More Settings" to "Off".


+-------------------------------------------------------------+
; Port Connectivity Checks: "DivisorClock:div_clk|fft:div_26" ;
+------+-------+----------+-----------------------------------+
; Port ; Type  ; Severity ; Details                           ;
+------+-------+----------+-----------------------------------+
; T    ; Input ; Info     ; Stuck at VCC                      ;
+------+-------+----------+-----------------------------------+


+-------------------------------------------------------------+
; Port Connectivity Checks: "DivisorClock:div_clk|fft:div_25" ;
+------+-------+----------+-----------------------------------+
; Port ; Type  ; Severity ; Details                           ;
+------+-------+----------+-----------------------------------+
; T    ; Input ; Info     ; Stuck at VCC                      ;
+------+-------+----------+-----------------------------------+


+-------------------------------------------------------------+
; Port Connectivity Checks: "DivisorClock:div_clk|fft:div_24" ;
+------+-------+----------+-----------------------------------+
; Port ; Type  ; Severity ; Details                           ;
+------+-------+----------+-----------------------------------+
; T    ; Input ; Info     ; Stuck at VCC                      ;
+------+-------+----------+-----------------------------------+


+------------------------------------------------------------------+
; Port Connectivity Checks: "DivisorClock:div_clk|fft:div_8388608" ;
+------+-------+----------+----------------------------------------+
; Port ; Type  ; Severity ; Details                                ;
+------+-------+----------+----------------------------------------+
; T    ; Input ; Info     ; Stuck at VCC                           ;
+------+-------+----------+----------------------------------------+


+------------------------------------------------------------------+
; Port Connectivity Checks: "DivisorClock:div_clk|fft:div_4194304" ;
+------+-------+----------+----------------------------------------+
; Port ; Type  ; Severity ; Details                                ;
+------+-------+----------+----------------------------------------+
; T    ; Input ; Info     ; Stuck at VCC                           ;
+------+-------+----------+----------------------------------------+


+------------------------------------------------------------------+
; Port Connectivity Checks: "DivisorClock:div_clk|fft:div_2097152" ;
+------+-------+----------+----------------------------------------+
; Port ; Type  ; Severity ; Details                                ;
+------+-------+----------+----------------------------------------+
; T    ; Input ; Info     ; Stuck at VCC                           ;
+------+-------+----------+----------------------------------------+


+------------------------------------------------------------------+
; Port Connectivity Checks: "DivisorClock:div_clk|fft:div_1048576" ;
+------+-------+----------+----------------------------------------+
; Port ; Type  ; Severity ; Details                                ;
+------+-------+----------+----------------------------------------+
; T    ; Input ; Info     ; Stuck at VCC                           ;
+------+-------+----------+----------------------------------------+


+-----------------------------------------------------------------+
; Port Connectivity Checks: "DivisorClock:div_clk|fft:div_524288" ;
+------+-------+----------+---------------------------------------+
; Port ; Type  ; Severity ; Details                               ;
+------+-------+----------+---------------------------------------+
; T    ; Input ; Info     ; Stuck at VCC                          ;
+------+-------+----------+---------------------------------------+


+-----------------------------------------------------------------+
; Port Connectivity Checks: "DivisorClock:div_clk|fft:div_262144" ;
+------+-------+----------+---------------------------------------+
; Port ; Type  ; Severity ; Details                               ;
+------+-------+----------+---------------------------------------+
; T    ; Input ; Info     ; Stuck at VCC                          ;
+------+-------+----------+---------------------------------------+


+-----------------------------------------------------------------+
; Port Connectivity Checks: "DivisorClock:div_clk|fft:div_131072" ;
+------+-------+----------+---------------------------------------+
; Port ; Type  ; Severity ; Details                               ;
+------+-------+----------+---------------------------------------+
; T    ; Input ; Info     ; Stuck at VCC                          ;
+------+-------+----------+---------------------------------------+


+----------------------------------------------------------------+
; Port Connectivity Checks: "DivisorClock:div_clk|fft:div_65536" ;
+------+-------+----------+--------------------------------------+
; Port ; Type  ; Severity ; Details                              ;
+------+-------+----------+--------------------------------------+
; T    ; Input ; Info     ; Stuck at VCC                         ;
+------+-------+----------+--------------------------------------+


+----------------------------------------------------------------+
; Port Connectivity Checks: "DivisorClock:div_clk|fft:div_32768" ;
+------+-------+----------+--------------------------------------+
; Port ; Type  ; Severity ; Details                              ;
+------+-------+----------+--------------------------------------+
; T    ; Input ; Info     ; Stuck at VCC                         ;
+------+-------+----------+--------------------------------------+


+----------------------------------------------------------------+
; Port Connectivity Checks: "DivisorClock:div_clk|fft:div_16384" ;
+------+-------+----------+--------------------------------------+
; Port ; Type  ; Severity ; Details                              ;
+------+-------+----------+--------------------------------------+
; T    ; Input ; Info     ; Stuck at VCC                         ;
+------+-------+----------+--------------------------------------+


+---------------------------------------------------------------+
; Port Connectivity Checks: "DivisorClock:div_clk|fft:div_8192" ;
+------+-------+----------+-------------------------------------+
; Port ; Type  ; Severity ; Details                             ;
+------+-------+----------+-------------------------------------+
; T    ; Input ; Info     ; Stuck at VCC                        ;
+------+-------+----------+-------------------------------------+


+---------------------------------------------------------------+
; Port Connectivity Checks: "DivisorClock:div_clk|fft:div_4096" ;
+------+-------+----------+-------------------------------------+
; Port ; Type  ; Severity ; Details                             ;
+------+-------+----------+-------------------------------------+
; T    ; Input ; Info     ; Stuck at VCC                        ;
+------+-------+----------+-------------------------------------+


+---------------------------------------------------------------+
; Port Connectivity Checks: "DivisorClock:div_clk|fft:div_2048" ;
+------+-------+----------+-------------------------------------+
; Port ; Type  ; Severity ; Details                             ;
+------+-------+----------+-------------------------------------+
; T    ; Input ; Info     ; Stuck at VCC                        ;
+------+-------+----------+-------------------------------------+


+---------------------------------------------------------------+
; Port Connectivity Checks: "DivisorClock:div_clk|fft:div_1024" ;
+------+-------+----------+-------------------------------------+
; Port ; Type  ; Severity ; Details                             ;
+------+-------+----------+-------------------------------------+
; T    ; Input ; Info     ; Stuck at VCC                        ;
+------+-------+----------+-------------------------------------+


+--------------------------------------------------------------+
; Port Connectivity Checks: "DivisorClock:div_clk|fft:div_512" ;
+------+-------+----------+------------------------------------+
; Port ; Type  ; Severity ; Details                            ;
+------+-------+----------+------------------------------------+
; T    ; Input ; Info     ; Stuck at VCC                       ;
+------+-------+----------+------------------------------------+


+--------------------------------------------------------------+
; Port Connectivity Checks: "DivisorClock:div_clk|fft:div_256" ;
+------+-------+----------+------------------------------------+
; Port ; Type  ; Severity ; Details                            ;
+------+-------+----------+------------------------------------+
; T    ; Input ; Info     ; Stuck at VCC                       ;
+------+-------+----------+------------------------------------+


+--------------------------------------------------------------+
; Port Connectivity Checks: "DivisorClock:div_clk|fft:div_128" ;
+------+-------+----------+------------------------------------+
; Port ; Type  ; Severity ; Details                            ;
+------+-------+----------+------------------------------------+
; T    ; Input ; Info     ; Stuck at VCC                       ;
+------+-------+----------+------------------------------------+


+-------------------------------------------------------------+
; Port Connectivity Checks: "DivisorClock:div_clk|fft:div_64" ;
+------+-------+----------+-----------------------------------+
; Port ; Type  ; Severity ; Details                           ;
+------+-------+----------+-----------------------------------+
; T    ; Input ; Info     ; Stuck at VCC                      ;
+------+-------+----------+-----------------------------------+


+-------------------------------------------------------------+
; Port Connectivity Checks: "DivisorClock:div_clk|fft:div_32" ;
+------+-------+----------+-----------------------------------+
; Port ; Type  ; Severity ; Details                           ;
+------+-------+----------+-----------------------------------+
; T    ; Input ; Info     ; Stuck at VCC                      ;
+------+-------+----------+-----------------------------------+


+-------------------------------------------------------------+
; Port Connectivity Checks: "DivisorClock:div_clk|fft:div_16" ;
+------+-------+----------+-----------------------------------+
; Port ; Type  ; Severity ; Details                           ;
+------+-------+----------+-----------------------------------+
; T    ; Input ; Info     ; Stuck at VCC                      ;
+------+-------+----------+-----------------------------------+


+------------------------------------------------------------+
; Port Connectivity Checks: "DivisorClock:div_clk|fft:div_8" ;
+------+-------+----------+----------------------------------+
; Port ; Type  ; Severity ; Details                          ;
+------+-------+----------+----------------------------------+
; T    ; Input ; Info     ; Stuck at VCC                     ;
+------+-------+----------+----------------------------------+


+------------------------------------------------------------+
; Port Connectivity Checks: "DivisorClock:div_clk|fft:div_4" ;
+------+-------+----------+----------------------------------+
; Port ; Type  ; Severity ; Details                          ;
+------+-------+----------+----------------------------------+
; T    ; Input ; Info     ; Stuck at VCC                     ;
+------+-------+----------+----------------------------------+


+------------------------------------------------------------+
; Port Connectivity Checks: "DivisorClock:div_clk|fft:div_2" ;
+------+-------+----------+----------------------------------+
; Port ; Type  ; Severity ; Details                          ;
+------+-------+----------+----------------------------------+
; T    ; Input ; Info     ; Stuck at VCC                     ;
+------+-------+----------+----------------------------------+


+-------------------------------+
; Analysis & Synthesis Messages ;
+-------------------------------+
Info: *******************************************************************
Info: Running Quartus Prime Analysis & Synthesis
    Info: Version 20.1.1 Build 720 11/11/2020 SJ Lite Edition
    Info: Processing started: Wed Jul 24 14:45:47 2024
Info: Command: quartus_map --read_settings_files=on --write_settings_files=off RegaAutomatica -c RegaAutomatica
Warning (18236): Number of processors has not been specified which may cause overloading on shared machines.  Set the global assignment NUM_PARALLEL_PROCESSORS in your QSF to an appropriate value for best performance.
Info (20030): Parallel compilation is enabled and will use 6 of the 6 processors detected
Info (12021): Found 1 design units, including 1 entities, in source file FILL.v
    Info (12023): Found entity 1: FILL File: /media/aluno/E011-A01C/Rega Automatica_ tudo pronto/FILL.v Line: 2
Info (12021): Found 1 design units, including 1 entities, in source file RegaAutomatica.v
    Info (12023): Found entity 1: RegaAutomatica File: /media/aluno/E011-A01C/Rega Automatica_ tudo pronto/RegaAutomatica.v Line: 1
Info (12021): Found 1 design units, including 1 entities, in source file FERTILIZING.v
    Info (12023): Found entity 1: FERTILIZING File: /media/aluno/E011-A01C/Rega Automatica_ tudo pronto/FERTILIZING.v Line: 2
Info (12021): Found 1 design units, including 1 entities, in source file DivisorClock.v
    Info (12023): Found entity 1: DivisorClock File: /media/aluno/E011-A01C/Rega Automatica_ tudo pronto/DivisorClock.v Line: 2
Info (12021): Found 1 design units, including 1 entities, in source file fft.v
    Info (12023): Found entity 1: fft File: /media/aluno/E011-A01C/Rega Automatica_ tudo pronto/fft.v Line: 2
Info (12021): Found 1 design units, including 1 entities, in source file ControleFrequencia.v
    Info (12023): Found entity 1: ControleFrequencia File: /media/aluno/E011-A01C/Rega Automatica_ tudo pronto/ControleFrequencia.v Line: 1
Info (12021): Found 1 design units, including 1 entities, in source file ControleRega.v
    Info (12023): Found entity 1: ControleRega File: /media/aluno/E011-A01C/Rega Automatica_ tudo pronto/ControleRega.v Line: 1
Info (12021): Found 1 design units, including 1 entities, in source file ControleAdubacao.v
    Info (12023): Found entity 1: ControleAdubacao File: /media/aluno/E011-A01C/Rega Automatica_ tudo pronto/ControleAdubacao.v Line: 1
Info (12021): Found 1 design units, including 1 entities, in source file ControladorMatriz.v
    Info (12023): Found entity 1: ControladorMatriz File: /media/aluno/E011-A01C/Rega Automatica_ tudo pronto/ControladorMatriz.v Line: 1
Info (12021): Found 1 design units, including 1 entities, in source file ControladorDisplay.v
    Info (12023): Found entity 1: ControladorDisplay File: /media/aluno/E011-A01C/Rega Automatica_ tudo pronto/ControladorDisplay.v Line: 24
Info (12021): Found 1 design units, including 1 entities, in source file ContadorNivelAgua.v
    Info (12023): Found entity 1: ContadorNivelAgua File: /media/aluno/E011-A01C/Rega Automatica_ tudo pronto/ContadorNivelAgua.v Line: 1
Info (12127): Elaborating entity "RegaAutomatica" for the top level hierarchy
Info (12128): Elaborating entity "DivisorClock" for hierarchy "DivisorClock:div_clk" File: /media/aluno/E011-A01C/Rega Automatica_ tudo pronto/RegaAutomatica.v Line: 31
Info (12128): Elaborating entity "fft" for hierarchy "DivisorClock:div_clk|fft:div_2" File: /media/aluno/E011-A01C/Rega Automatica_ tudo pronto/DivisorClock.v Line: 12
Info (12128): Elaborating entity "FILL" for hierarchy "FILL:controle_encher" File: /media/aluno/E011-A01C/Rega Automatica_ tudo pronto/RegaAutomatica.v Line: 40
Info (12128): Elaborating entity "ContadorNivelAgua" for hierarchy "ContadorNivelAgua:contador_nivel" File: /media/aluno/E011-A01C/Rega Automatica_ tudo pronto/RegaAutomatica.v Line: 48
Warning (10230): Verilog HDL assignment warning at ContadorNivelAgua.v(14): truncated value with size 32 to match size of target (3) File: /media/aluno/E011-A01C/Rega Automatica_ tudo pronto/ContadorNivelAgua.v Line: 14
Warning (10230): Verilog HDL assignment warning at ContadorNivelAgua.v(16): truncated value with size 32 to match size of target (3) File: /media/aluno/E011-A01C/Rega Automatica_ tudo pronto/ContadorNivelAgua.v Line: 16
Info (12128): Elaborating entity "ControleFrequencia" for hierarchy "ControleFrequencia:controle_freq" File: /media/aluno/E011-A01C/Rega Automatica_ tudo pronto/RegaAutomatica.v Line: 62
Info (12128): Elaborating entity "ControleRega" for hierarchy "ControleRega:controle_rega" File: /media/aluno/E011-A01C/Rega Automatica_ tudo pronto/RegaAutomatica.v Line: 74
Info (12128): Elaborating entity "ControleAdubacao" for hierarchy "ControleAdubacao:controle_adub" File: /media/aluno/E011-A01C/Rega Automatica_ tudo pronto/RegaAutomatica.v Line: 83
Info (12128): Elaborating entity "FERTILIZING" for hierarchy "FERTILIZING:fertilizing" File: /media/aluno/E011-A01C/Rega Automatica_ tudo pronto/RegaAutomatica.v Line: 94
Info (12128): Elaborating entity "ControladorMatriz" for hierarchy "ControladorMatriz:matriz_controlador" File: /media/aluno/E011-A01C/Rega Automatica_ tudo pronto/RegaAutomatica.v Line: 100
Info (12128): Elaborating entity "ControladorDisplay" for hierarchy "ControladorDisplay:display_control" File: /media/aluno/E011-A01C/Rega Automatica_ tudo pronto/RegaAutomatica.v Line: 109
Info (10264): Verilog HDL Case Statement information at ControladorDisplay.v(36): all case item expressions in this case statement are onehot File: /media/aluno/E011-A01C/Rega Automatica_ tudo pronto/ControladorDisplay.v Line: 36
Warning (19016): Clock multiplexers are found and protected
    Warning (19017): Found clock multiplexer ControleFrequencia:controle_freq|Ctrl_clk File: /media/aluno/E011-A01C/Rega Automatica_ tudo pronto/ControleFrequencia.v Line: 12
    Warning (19017): Found clock multiplexer ControleFrequencia:controle_freq|Ctrl_clk~0 File: /media/aluno/E011-A01C/Rega Automatica_ tudo pronto/ControleFrequencia.v Line: 12
Warning (19016): Clock multiplexers are found and protected
    Warning (19017): Found clock multiplexer ControleAdubacao:controle_adub|Parada_Rega~0 File: /media/aluno/E011-A01C/Rega Automatica_ tudo pronto/ControleAdubacao.v Line: 4
Warning (19016): Clock multiplexers are found and protected
    Warning (19017): Found clock multiplexer ControleFrequencia:controle_freq|Fast_on~0 File: /media/aluno/E011-A01C/Rega Automatica_ tudo pronto/ControleFrequencia.v Line: 14
Warning (13024): Output pins are stuck at VCC or GND
    Warning (13410): Pin "Colunas_Matriz[0]" is stuck at VCC File: /media/aluno/E011-A01C/Rega Automatica_ tudo pronto/RegaAutomatica.v Line: 12
    Warning (13410): Pin "Colunas_Matriz[1]" is stuck at VCC File: /media/aluno/E011-A01C/Rega Automatica_ tudo pronto/RegaAutomatica.v Line: 12
    Warning (13410): Pin "Colunas_Matriz[2]" is stuck at VCC File: /media/aluno/E011-A01C/Rega Automatica_ tudo pronto/RegaAutomatica.v Line: 12
    Warning (13410): Pin "Colunas_Matriz[3]" is stuck at VCC File: /media/aluno/E011-A01C/Rega Automatica_ tudo pronto/RegaAutomatica.v Line: 12
    Warning (13410): Pin "Colunas_Matriz[4]" is stuck at VCC File: /media/aluno/E011-A01C/Rega Automatica_ tudo pronto/RegaAutomatica.v Line: 12
    Warning (13410): Pin "Segs[7]" is stuck at GND File: /media/aluno/E011-A01C/Rega Automatica_ tudo pronto/RegaAutomatica.v Line: 13
    Warning (13410): Pin "D_Segs[0]" is stuck at VCC File: /media/aluno/E011-A01C/Rega Automatica_ tudo pronto/RegaAutomatica.v Line: 15
    Warning (13410): Pin "D_Segs[1]" is stuck at VCC File: /media/aluno/E011-A01C/Rega Automatica_ tudo pronto/RegaAutomatica.v Line: 15
    Warning (13410): Pin "D_Segs[2]" is stuck at VCC File: /media/aluno/E011-A01C/Rega Automatica_ tudo pronto/RegaAutomatica.v Line: 15
    Warning (13410): Pin "D_Segs[3]" is stuck at GND File: /media/aluno/E011-A01C/Rega Automatica_ tudo pronto/RegaAutomatica.v Line: 15
Info (21057): Implemented 97 device resources after synthesis - the final resource count might be different
    Info (21058): Implemented 5 input pins
    Info (21059): Implemented 29 output pins
    Info (21061): Implemented 63 logic cells
Info: Quartus Prime Analysis & Synthesis was successful. 0 errors, 21 warnings
    Info: Peak virtual memory: 338 megabytes
    Info: Processing ended: Wed Jul 24 14:45:56 2024
    Info: Elapsed time: 00:00:09
    Info: Total CPU time (on all processors): 00:00:12


